#
# There is insufficient memory for the Java Runtime Environment to continue.
# Native memory allocation (malloc) failed to allocate 199856 bytes. Error detail: Chunk::new
# Possible reasons:
#   The system is out of physical RAM or swap space
#   This process is running with CompressedOops enabled, and the Java Heap may be blocking the growth of the native heap
# Possible solutions:
#   Reduce memory load on the system
#   Increase physical memory or swap space
#   Check if swap backing store is full
#   Decrease Java heap size (-Xmx/-Xms)
#   Decrease number of Java threads
#   Decrease Java thread stack sizes (-Xss)
#   Set larger code cache with -XX:ReservedCodeCacheSize=
#   JVM is running with Unscaled Compressed Oops mode in which the Java heap is
#     placed in the first 4GB address space. The Java Heap base address is the
#     maximum limit for the native heap growth. Please use -XX:HeapBaseMinAddress
#     to set the Java Heap base and to place the Java Heap above 4GB virtual address.
# This output file may be truncated or incomplete.
#
#  Out of Memory Error (arena.cpp:168), pid=28224, tid=14536
#
# JRE version: OpenJDK Runtime Environment Temurin-21.0.7+6 (21.0.7+6) (build 21.0.7+6-LTS)
# Java VM: OpenJDK 64-Bit Server VM Temurin-21.0.7+6 (21.0.7+6-LTS, mixed mode, sharing, tiered, compressed oops, compressed class ptrs, parallel gc, windows-amd64)
# No core dump will be written. Minidumps are not enabled by default on client versions of Windows
#

---------------  S U M M A R Y ------------

Command Line: --add-modules=ALL-SYSTEM --add-opens=java.base/java.util=ALL-UNNAMED --add-opens=java.base/java.lang=ALL-UNNAMED --add-opens=java.base/sun.nio.fs=ALL-UNNAMED -Declipse.application=org.eclipse.jdt.ls.core.id1 -Dosgi.bundles.defaultStartLevel=4 -Declipse.product=org.eclipse.jdt.ls.core.product -Djava.import.generatesMetadataFilesAtProjectRoot=false -DDetectVMInstallationsJob.disabled=true -Dfile.encoding=utf8 -XX:+UseParallelGC -XX:GCTimeRatio=4 -XX:AdaptiveSizePolicyWeight=90 -Dsun.zip.disableMemoryMapping=true -Xmx1G -Xms100m -Xlog:disable -javaagent:c:\Users\vardh\.vscode\extensions\redhat.java-1.42.0-win32-x64\lombok\lombok-1.18.36.jar -XX:+HeapDumpOnOutOfMemoryError -XX:HeapDumpPath=c:\Users\vardh\AppData\Roaming\Code\User\workspaceStorage\416cb59a14b859c2b46926f96812ddb5\redhat.java -Daether.dependencyCollector.impl=bf c:\Users\vardh\.vscode\extensions\redhat.java-1.42.0-win32-x64\server\plugins\org.eclipse.equinox.launcher_1.7.0.v20250424-1814.jar -configuration c:\Users\vardh\AppData\Roaming\Code\User\globalStorage\redhat.java\1.42.0\config_win -data c:\Users\vardh\AppData\Roaming\Code\User\workspaceStorage\416cb59a14b859c2b46926f96812ddb5\redhat.java\jdt_ws --pipe=\\.\pipe\lsp-8500b9fd2cb63e525ada769a959b577c-sock

Host: 12th Gen Intel(R) Core(TM) i5-12500H, 16 cores, 15G,  Windows 11 , 64 bit Build 26100 (10.0.26100.4202)
Time: Sun Jun 22 22:21:11 2025 India Standard Time elapsed time: 16.743721 seconds (0d 0h 0m 16s)

---------------  T H R E A D  ---------------

Current thread (0x0000024d79413390):  JavaThread "C2 CompilerThread0" daemon [_thread_in_native, id=14536, stack(0x000000fad7400000,0x000000fad7500000) (1024K)]


Current CompileTask:
C2:16743 2228   !   4       java.lang.String::<init> (890 bytes)

Stack: [0x000000fad7400000,0x000000fad7500000]
Native frames: (J=compiled Java code, j=interpreted, Vv=VM code, C=native code)
V  [jvm.dll+0x6ce119]
V  [jvm.dll+0x8a84a1]
V  [jvm.dll+0x8aa9ce]
V  [jvm.dll+0x8ab0b3]
V  [jvm.dll+0x27f8a6]
V  [jvm.dll+0xc507d]
V  [jvm.dll+0xc55b3]
V  [jvm.dll+0x3b68f2]
V  [jvm.dll+0x382aa5]
V  [jvm.dll+0x381f0a]
V  [jvm.dll+0x247af0]
V  [jvm.dll+0x2470cf]
V  [jvm.dll+0x1c760e]
V  [jvm.dll+0x25695a]
V  [jvm.dll+0x254efa]
V  [jvm.dll+0x3f03f6]
V  [jvm.dll+0x851f6b]
V  [jvm.dll+0x6cc7dd]
C  [ucrtbase.dll+0x37b0]
C  [KERNEL32.DLL+0x2e8d7]
C  [ntdll.dll+0x3c34c]


---------------  P R O C E S S  ---------------

Threads class SMR info:
_java_thread_list=0x0000024d79599810, length=15, elements={
0x0000024d72928ab0, 0x0000024d77d1ce20, 0x0000024d77d1dad0, 0x0000024d793f75c0,
0x0000024d793f8470, 0x0000024d793fb890, 0x0000024d793ffe30, 0x0000024d79413390,
0x0000024d79416610, 0x0000024d79577500, 0x0000024d7f069fe0, 0x0000024d50298df0,
0x0000024d501562e0, 0x0000024d7f044440, 0x0000024d7f045ad0
}

Java Threads: ( => current thread )
  0x0000024d72928ab0 JavaThread "main"                              [_thread_blocked, id=15528, stack(0x000000fad6a00000,0x000000fad6b00000) (1024K)]
  0x0000024d77d1ce20 JavaThread "Reference Handler"          daemon [_thread_blocked, id=21748, stack(0x000000fad6e00000,0x000000fad6f00000) (1024K)]
  0x0000024d77d1dad0 JavaThread "Finalizer"                  daemon [_thread_blocked, id=1460, stack(0x000000fad6f00000,0x000000fad7000000) (1024K)]
  0x0000024d793f75c0 JavaThread "Signal Dispatcher"          daemon [_thread_blocked, id=30420, stack(0x000000fad7000000,0x000000fad7100000) (1024K)]
  0x0000024d793f8470 JavaThread "Attach Listener"            daemon [_thread_blocked, id=13780, stack(0x000000fad7100000,0x000000fad7200000) (1024K)]
  0x0000024d793fb890 JavaThread "Service Thread"             daemon [_thread_blocked, id=20372, stack(0x000000fad7200000,0x000000fad7300000) (1024K)]
  0x0000024d793ffe30 JavaThread "Monitor Deflation Thread"   daemon [_thread_blocked, id=3064, stack(0x000000fad7300000,0x000000fad7400000) (1024K)]
=>0x0000024d79413390 JavaThread "C2 CompilerThread0"         daemon [_thread_in_native, id=14536, stack(0x000000fad7400000,0x000000fad7500000) (1024K)]
  0x0000024d79416610 JavaThread "C1 CompilerThread0"         daemon [_thread_blocked, id=6356, stack(0x000000fad7500000,0x000000fad7600000) (1024K)]
  0x0000024d79577500 JavaThread "Common-Cleaner"             daemon [_thread_blocked, id=29924, stack(0x000000fad7800000,0x000000fad7900000) (1024K)]
  0x0000024d7f069fe0 JavaThread "Notification Thread"        daemon [_thread_blocked, id=25732, stack(0x000000fad7b00000,0x000000fad7c00000) (1024K)]
  0x0000024d50298df0 JavaThread "Active Thread: Equinox Container: 9280d64c-c6c4-454a-9d9b-611eaa07001f"        [_thread_blocked, id=27664, stack(0x000000fad8200000,0x000000fad8300000) (1024K)]
  0x0000024d501562e0 JavaThread "Refresh Thread: Equinox Container: 9280d64c-c6c4-454a-9d9b-611eaa07001f" daemon [_thread_blocked, id=23300, stack(0x000000fad7700000,0x000000fad7800000) (1024K)]
  0x0000024d7f044440 JavaThread "Framework Event Dispatcher: Equinox Container: 9280d64c-c6c4-454a-9d9b-611eaa07001f" daemon [_thread_blocked, id=25040, stack(0x000000fad7900000,0x000000fad7a00000) (1024K)]
  0x0000024d7f045ad0 JavaThread "Start Level: Equinox Container: 9280d64c-c6c4-454a-9d9b-611eaa07001f" daemon [_thread_in_native, id=30332, stack(0x000000fad7a00000,0x000000fad7b00000) (1024K)]
Total: 15

Other Threads:
  0x0000024d793f32d0 VMThread "VM Thread"                           [id=5204, stack(0x000000fad6d00000,0x000000fad6e00000) (1024K)]
  0x0000024d7299ac70 WatcherThread "VM Periodic Task Thread"        [id=18316, stack(0x000000fad6c00000,0x000000fad6d00000) (1024K)]
  0x0000024d72948300 WorkerThread "GC Thread#0"                     [id=27428, stack(0x000000fad6b00000,0x000000fad6c00000) (1024K)]
  0x0000024d500868c0 WorkerThread "GC Thread#1"                     [id=19660, stack(0x000000fad7c00000,0x000000fad7d00000) (1024K)]
  0x0000024d7f555ce0 WorkerThread "GC Thread#2"                     [id=16736, stack(0x000000fad7d00000,0x000000fad7e00000) (1024K)]
  0x0000024d7f7b93e0 WorkerThread "GC Thread#3"                     [id=29056, stack(0x000000fad7e00000,0x000000fad7f00000) (1024K)]
  0x0000024d7f7b9780 WorkerThread "GC Thread#4"                     [id=22704, stack(0x000000fad7f00000,0x000000fad8000000) (1024K)]
  0x0000024d7f35a5f0 WorkerThread "GC Thread#5"                     [id=1556, stack(0x000000fad8000000,0x000000fad8100000) (1024K)]
  0x0000024d7f35a990 WorkerThread "GC Thread#6"                     [id=380, stack(0x000000fad8100000,0x000000fad8200000) (1024K)]
  0x0000024d5028dba0 WorkerThread "GC Thread#7"                     [id=22628, stack(0x000000fad8300000,0x000000fad8400000) (1024K)]
Total: 10

Threads with active compile tasks:
C2 CompilerThread0  17774 2228   !   4       java.lang.String::<init> (890 bytes)
Total: 1

VM state: not at safepoint (normal execution)

VM Mutex/Monitor currently owned by a thread: None

Heap address: 0x00000000c0000000, size: 1024 MB, Compressed Oops mode: 32-bit

CDS archive(s) mapped at: [0x0000024d0f000000-0x0000024d0fba0000-0x0000024d0fba0000), size 12189696, SharedBaseAddress: 0x0000024d0f000000, ArchiveRelocationMode: 1.
Compressed class space mapped at: 0x0000024d10000000-0x0000024d50000000, reserved size: 1073741824
Narrow klass base: 0x0000024d0f000000, Narrow klass shift: 0, Narrow klass range: 0x100000000

GC Precious Log:
 CardTable entry size: 512
 CPUs: 16 total, 16 available
 Memory: 16003M
 Large Page Support: Disabled
 NUMA Support: Disabled
 Compressed Oops: Enabled (32-bit)
 Alignments: Space 512K, Generation 512K, Heap 2M
 Heap Min Capacity: 100M
 Heap Initial Capacity: 100M
 Heap Max Capacity: 1G
 Pre-touch: Disabled
 Parallel Workers: 13

Heap:
 PSYoungGen      total 29696K, used 28472K [0x00000000eab00000, 0x00000000ecc00000, 0x0000000100000000)
  eden space 25600K, 95% used [0x00000000eab00000,0x00000000ec2cfab0,0x00000000ec400000)
  from space 4096K, 99% used [0x00000000ec800000,0x00000000ecbfe818,0x00000000ecc00000)
  to   space 4096K, 0% used [0x00000000ec400000,0x00000000ec400000,0x00000000ec800000)
 ParOldGen       total 68608K, used 1701K [0x00000000c0000000, 0x00000000c4300000, 0x00000000eab00000)
  object space 68608K, 2% used [0x00000000c0000000,0x00000000c01a96b8,0x00000000c4300000)
 Metaspace       used 9403K, committed 9792K, reserved 1114112K
  class space    used 966K, committed 1152K, reserved 1048576K

Card table byte_map: [0x0000024d722d0000,0x0000024d724e0000] _byte_map_base: 0x0000024d71cd0000

Marking Bits: (ParMarkBitMap*) 0x00007fff2b8431f0
 Begin Bits: [0x0000024d75b20000, 0x0000024d76b20000)
 End Bits:   [0x0000024d76b20000, 0x0000024d77b20000)

Polling page: 0x0000024d70790000

Metaspace:

Usage:
  Non-class:      8.24 MB used.
      Class:    966.95 KB used.
       Both:      9.18 MB used.

Virtual space:
  Non-class space:       64.00 MB reserved,       8.44 MB ( 13%) committed,  1 nodes.
      Class space:        1.00 GB reserved,       1.12 MB ( <1%) committed,  1 nodes.
             Both:        1.06 GB reserved,       9.56 MB ( <1%) committed. 

Chunk freelists:
   Non-Class:  7.53 MB
       Class:  14.79 MB
        Both:  22.32 MB

MaxMetaspaceSize: unlimited
CompressedClassSpaceSize: 1.00 GB
Initial GC threshold: 21.00 MB
Current GC threshold: 21.00 MB
CDS: on
 - commit_granule_bytes: 65536.
 - commit_granule_words: 8192.
 - virtual_space_node_default_size: 8388608.
 - enlarge_chunks_in_place: 1.
 - use_allocation_guard: 0.


Internal statistics:

num_allocs_failed_limit: 0.
num_arena_births: 280.
num_arena_deaths: 0.
num_vsnodes_births: 2.
num_vsnodes_deaths: 0.
num_space_committed: 153.
num_space_uncommitted: 0.
num_chunks_returned_to_freelist: 0.
num_chunks_taken_from_freelist: 505.
num_chunk_merges: 0.
num_chunk_splits: 339.
num_chunks_enlarged: 231.
num_inconsistent_stats: 0.

CodeHeap 'non-profiled nmethods': size=119168Kb used=933Kb max_used=933Kb free=118234Kb
 bounds [0x0000024d07ba0000, 0x0000024d07e10000, 0x0000024d0f000000]
CodeHeap 'profiled nmethods': size=119104Kb used=4185Kb max_used=4185Kb free=114918Kb
 bounds [0x0000024d00000000, 0x0000024d00420000, 0x0000024d07450000]
CodeHeap 'non-nmethods': size=7488Kb used=1231Kb max_used=2943Kb free=6256Kb
 bounds [0x0000024d07450000, 0x0000024d07740000, 0x0000024d07ba0000]
 total_blobs=2728 nmethods=2234 adapters=400
 compilation: enabled
              stopped_count=0, restarted_count=0
 full_count=0

Compilation events (20 events):
Event: 14.705 Thread 0x0000024d79416610 nmethod 2223 0x0000024d0040cf90 code [0x0000024d0040d160, 0x0000024d0040d5e0]
Event: 14.705 Thread 0x0000024d79416610 2224       3       org.eclipse.osgi.framework.util.CaseInsensitiveDictionaryMap$EntryIterator::next (20 bytes)
Event: 14.705 Thread 0x0000024d79416610 nmethod 2224 0x0000024d0040d790 code [0x0000024d0040d960, 0x0000024d0040dd88]
Event: 14.705 Thread 0x0000024d79416610 2225       3       org.eclipse.osgi.framework.util.CaseInsensitiveDictionaryMap$CaseInsentiveEntry::<init> (10 bytes)
Event: 14.705 Thread 0x0000024d79416610 nmethod 2225 0x0000024d0040df10 code [0x0000024d0040e0c0, 0x0000024d0040e248]
Event: 14.705 Thread 0x0000024d79416610 2226       3       org.eclipse.osgi.framework.util.CaseInsensitiveDictionaryMap$CaseInsentiveEntry::getValue (10 bytes)
Event: 14.705 Thread 0x0000024d79416610 nmethod 2226 0x0000024d0040e310 code [0x0000024d0040e4c0, 0x0000024d0040e698]
Event: 14.706 Thread 0x0000024d79416610 2227       3       java.util.LinkedHashMap::getOrDefault (29 bytes)
Event: 14.706 Thread 0x0000024d79416610 nmethod 2227 0x0000024d0040e790 code [0x0000024d0040e960, 0x0000024d0040eba8]
Event: 14.710 Thread 0x0000024d79413390 2228   !   4       java.lang.String::<init> (890 bytes)
Event: 14.711 Thread 0x0000024d79416610 2229       3       org.eclipse.osgi.container.ModuleRevision::getModuleCapabilities (9 bytes)
Event: 14.711 Thread 0x0000024d79416610 nmethod 2229 0x0000024d0040ec90 code [0x0000024d0040ee60, 0x0000024d0040f258]
Event: 14.711 Thread 0x0000024d79416610 2230       3       java.io.File::toURL (42 bytes)
Event: 14.712 Thread 0x0000024d79416610 nmethod 2230 0x0000024d0040f390 code [0x0000024d0040f5e0, 0x0000024d0040fd60]
Event: 14.712 Thread 0x0000024d79416610 2232       3       jdk.internal.misc.Unsafe::getInt (7 bytes)
Event: 14.712 Thread 0x0000024d79416610 nmethod 2232 0x0000024d00410010 code [0x0000024d004101a0, 0x0000024d004102b8]
Event: 14.725 Thread 0x0000024d79416610 2234       3       java.io.FileDescriptor::valid (25 bytes)
Event: 14.725 Thread 0x0000024d79416610 nmethod 2234 0x0000024d00410390 code [0x0000024d00410540, 0x0000024d004106e0]
Event: 14.728 Thread 0x0000024d79416610 2235       3       java.lang.Math::abs (13 bytes)
Event: 14.728 Thread 0x0000024d79416610 nmethod 2235 0x0000024d00410790 code [0x0000024d00410940, 0x0000024d00410aa8]

GC Heap History (4 events):
Event: 1.305 GC heap before
{Heap before GC invocations=1 (full 0):
 PSYoungGen      total 29696K, used 25600K [0x00000000eab00000, 0x00000000ecc00000, 0x0000000100000000)
  eden space 25600K, 100% used [0x00000000eab00000,0x00000000ec400000,0x00000000ec400000)
  from space 4096K, 0% used [0x00000000ec800000,0x00000000ec800000,0x00000000ecc00000)
  to   space 4096K, 0% used [0x00000000ec400000,0x00000000ec400000,0x00000000ec800000)
 ParOldGen       total 68608K, used 0K [0x00000000c0000000, 0x00000000c4300000, 0x00000000eab00000)
  object space 68608K, 0% used [0x00000000c0000000,0x00000000c0000000,0x00000000c4300000)
 Metaspace       used 4174K, committed 4480K, reserved 1114112K
  class space    used 447K, committed 576K, reserved 1048576K
}
Event: 1.313 GC heap after
{Heap after GC invocations=1 (full 0):
 PSYoungGen      total 29696K, used 3646K [0x00000000eab00000, 0x00000000ecc00000, 0x0000000100000000)
  eden space 25600K, 0% used [0x00000000eab00000,0x00000000eab00000,0x00000000ec400000)
  from space 4096K, 89% used [0x00000000ec400000,0x00000000ec78fbd0,0x00000000ec800000)
  to   space 4096K, 0% used [0x00000000ec800000,0x00000000ec800000,0x00000000ecc00000)
 ParOldGen       total 68608K, used 16K [0x00000000c0000000, 0x00000000c4300000, 0x00000000eab00000)
  object space 68608K, 0% used [0x00000000c0000000,0x00000000c0004000,0x00000000c4300000)
 Metaspace       used 4174K, committed 4480K, reserved 1114112K
  class space    used 447K, committed 576K, reserved 1048576K
}
Event: 2.054 GC heap before
{Heap before GC invocations=2 (full 0):
 PSYoungGen      total 29696K, used 29246K [0x00000000eab00000, 0x00000000ecc00000, 0x0000000100000000)
  eden space 25600K, 100% used [0x00000000eab00000,0x00000000ec400000,0x00000000ec400000)
  from space 4096K, 89% used [0x00000000ec400000,0x00000000ec78fbd0,0x00000000ec800000)
  to   space 4096K, 0% used [0x00000000ec800000,0x00000000ec800000,0x00000000ecc00000)
 ParOldGen       total 68608K, used 16K [0x00000000c0000000, 0x00000000c4300000, 0x00000000eab00000)
  object space 68608K, 0% used [0x00000000c0000000,0x00000000c0004000,0x00000000c4300000)
 Metaspace       used 7906K, committed 8192K, reserved 1114112K
  class space    used 789K, committed 960K, reserved 1048576K
}
Event: 2.062 GC heap after
{Heap after GC invocations=2 (full 0):
 PSYoungGen      total 29696K, used 4090K [0x00000000eab00000, 0x00000000ecc00000, 0x0000000100000000)
  eden space 25600K, 0% used [0x00000000eab00000,0x00000000eab00000,0x00000000ec400000)
  from space 4096K, 99% used [0x00000000ec800000,0x00000000ecbfe818,0x00000000ecc00000)
  to   space 4096K, 0% used [0x00000000ec400000,0x00000000ec400000,0x00000000ec800000)
 ParOldGen       total 68608K, used 1701K [0x00000000c0000000, 0x00000000c4300000, 0x00000000eab00000)
  object space 68608K, 2% used [0x00000000c0000000,0x00000000c01a96b8,0x00000000c4300000)
 Metaspace       used 7906K, committed 8192K, reserved 1114112K
  class space    used 789K, committed 960K, reserved 1048576K
}

Dll operation events (9 events):
Event: 0.015 Loaded shared library c:\Users\vardh\.vscode\extensions\redhat.java-1.42.0-win32-x64\jre\21.0.7-win32-x86_64\bin\java.dll
Event: 0.086 Loaded shared library c:\Users\vardh\.vscode\extensions\redhat.java-1.42.0-win32-x64\jre\21.0.7-win32-x86_64\bin\zip.dll
Event: 0.111 Loaded shared library C:\Users\vardh\.vscode\extensions\redhat.java-1.42.0-win32-x64\jre\21.0.7-win32-x86_64\bin\instrument.dll
Event: 0.115 Loaded shared library C:\Users\vardh\.vscode\extensions\redhat.java-1.42.0-win32-x64\jre\21.0.7-win32-x86_64\bin\net.dll
Event: 0.119 Loaded shared library C:\Users\vardh\.vscode\extensions\redhat.java-1.42.0-win32-x64\jre\21.0.7-win32-x86_64\bin\nio.dll
Event: 0.122 Loaded shared library C:\Users\vardh\.vscode\extensions\redhat.java-1.42.0-win32-x64\jre\21.0.7-win32-x86_64\bin\zip.dll
Event: 0.141 Loaded shared library C:\Users\vardh\.vscode\extensions\redhat.java-1.42.0-win32-x64\jre\21.0.7-win32-x86_64\bin\jimage.dll
Event: 0.228 Loaded shared library c:\Users\vardh\.vscode\extensions\redhat.java-1.42.0-win32-x64\jre\21.0.7-win32-x86_64\bin\verify.dll
Event: 10.850 Loaded shared library C:\Users\vardh\AppData\Roaming\Code\User\globalStorage\redhat.java\1.42.0\config_win\org.eclipse.equinox.launcher\org.eclipse.equinox.launcher.win32.win32.x86_64_1.2.1300.v20250331-1702\eclipse_11911.dll

Deoptimization events (20 events):
Event: 10.895 Thread 0x0000024d7f045ad0 Uncommon trap: trap_request=0xffffff6e fr.pc=0x0000024d07c12e28 relative=0x0000000000000368
Event: 10.895 Thread 0x0000024d7f045ad0 Uncommon trap: reason=loop_limit_check action=maybe_recompile pc=0x0000024d07c12e28 method=java.lang.StringLatin1.indexOf([BI[BII)I @ 37 c2
Event: 10.895 Thread 0x0000024d7f045ad0 DEOPT PACKING pc=0x0000024d07c12e28 sp=0x000000fad7afcda0
Event: 10.895 Thread 0x0000024d7f045ad0 DEOPT UNPACKING pc=0x0000024d074a3aa2 sp=0x000000fad7afcd00 mode 2
Event: 10.944 Thread 0x0000024d7f045ad0 Uncommon trap: trap_request=0xffffff45 fr.pc=0x0000024d07c30ab4 relative=0x0000000000000094
Event: 10.944 Thread 0x0000024d7f045ad0 Uncommon trap: reason=unstable_if action=reinterpret pc=0x0000024d07c30ab4 method=java.io.BufferedInputStream.getBufIfOpen(Z)[B @ 13 c2
Event: 10.944 Thread 0x0000024d7f045ad0 DEOPT PACKING pc=0x0000024d07c30ab4 sp=0x000000fad7afdcd0
Event: 10.944 Thread 0x0000024d7f045ad0 DEOPT UNPACKING pc=0x0000024d074a3aa2 sp=0x000000fad7afdc50 mode 2
Event: 10.945 Thread 0x0000024d7f045ad0 Uncommon trap: trap_request=0xffffff45 fr.pc=0x0000024d07c5dd08 relative=0x0000000000000dc8
Event: 10.945 Thread 0x0000024d7f045ad0 Uncommon trap: reason=unstable_if action=reinterpret pc=0x0000024d07c5dd08 method=java.lang.String.<init>(Ljava/nio/charset/Charset;[BII)V @ 6 c2
Event: 10.945 Thread 0x0000024d7f045ad0 DEOPT PACKING pc=0x0000024d07c5dd08 sp=0x000000fad7afdc70
Event: 10.945 Thread 0x0000024d7f045ad0 DEOPT UNPACKING pc=0x0000024d074a3aa2 sp=0x000000fad7afdc20 mode 2
Event: 11.099 Thread 0x0000024d7f045ad0 Uncommon trap: trap_request=0xffffff45 fr.pc=0x0000024d07bda1f4 relative=0x0000000000000054
Event: 11.099 Thread 0x0000024d7f045ad0 Uncommon trap: reason=unstable_if action=reinterpret pc=0x0000024d07bda1f4 method=java.lang.CharacterData.of(I)Ljava/lang/CharacterData; @ 4 c2
Event: 11.099 Thread 0x0000024d7f045ad0 DEOPT PACKING pc=0x0000024d07bda1f4 sp=0x000000fad7afd6a0
Event: 11.099 Thread 0x0000024d7f045ad0 DEOPT UNPACKING pc=0x0000024d074a3aa2 sp=0x000000fad7afd638 mode 2
Event: 11.115 Thread 0x0000024d7f045ad0 Uncommon trap: trap_request=0xffffff45 fr.pc=0x0000024d07c523a0 relative=0x00000000000009c0
Event: 11.115 Thread 0x0000024d7f045ad0 Uncommon trap: reason=unstable_if action=reinterpret pc=0x0000024d07c523a0 method=java.util.concurrent.ConcurrentHashMap.putVal(Ljava/lang/Object;Ljava/lang/Object;Z)Ljava/lang/Object; @ 148 c2
Event: 11.115 Thread 0x0000024d7f045ad0 DEOPT PACKING pc=0x0000024d07c523a0 sp=0x000000fad7afe350
Event: 11.115 Thread 0x0000024d7f045ad0 DEOPT UNPACKING pc=0x0000024d074a3aa2 sp=0x000000fad7afe2c0 mode 2

Classes loaded (20 events):
Event: 11.071 Loading class sun/util/logging/resources/logging_en_IN
Event: 11.071 Loading class sun/util/logging/resources/logging_en_IN done
Event: 11.073 Loading class java/util/Formatter$DateTime
Event: 11.073 Loading class java/util/Formatter$DateTime done
Event: 11.073 Loading class java/util/Formatter$FixedString
Event: 11.073 Loading class java/util/Formatter$FixedString done
Event: 11.074 Loading class java/time/ZonedDateTime$1
Event: 11.074 Loading class java/time/ZonedDateTime$1 done
Event: 11.080 Loading class jdk/internal/module/ModulePatcher$PatchedModuleReader
Event: 11.081 Loading class jdk/internal/module/ModulePatcher$PatchedModuleReader done
Event: 11.088 Loading class sun/util/resources/LocaleData$CommonResourceBundleProvider
Event: 11.088 Loading class sun/util/resources/LocaleData$LocaleDataResourceBundleProvider
Event: 11.088 Loading class java/util/spi/ResourceBundleProvider
Event: 11.088 Loading class java/util/spi/ResourceBundleProvider done
Event: 11.088 Loading class sun/util/resources/LocaleData$LocaleDataResourceBundleProvider done
Event: 11.088 Loading class sun/util/resources/LocaleData$CommonResourceBundleProvider done
Event: 11.090 Loading class sun/text/resources/cldr/FormatData_en
Event: 11.091 Loading class sun/text/resources/cldr/FormatData_en done
Event: 11.091 Loading class sun/util/resources/Bundles$2
Event: 11.091 Loading class sun/util/resources/Bundles$2 done

Classes unloaded (0 events):
No events

Classes redefined (0 events):
No events

Internal exceptions (20 events):
Event: 1.397 Thread 0x0000024d72928ab0 Implicit null exception at 0x0000024d07bfeac9 to 0x0000024d07bff424
Event: 1.397 Thread 0x0000024d72928ab0 Implicit null exception at 0x0000024d07c0949a to 0x0000024d07c096a4
Event: 1.397 Thread 0x0000024d72928ab0 Exception <a 'java/lang/NoSuchMethodError'{0x00000000eae5c400}: 'void java.lang.invoke.DirectMethodHandle$Holder.invokeStatic(java.lang.Object, java.lang.Object, java.lang.Object, java.lang.Object)'> (0x00000000eae5c400) 
thrown [s\src\hotspot\share\interpreter\linkResolver.cpp, line 773]
Event: 1.398 Thread 0x0000024d72928ab0 Implicit null exception at 0x0000024d07bffe9a to 0x0000024d07c000a4
Event: 1.398 Thread 0x0000024d72928ab0 Implicit null exception at 0x0000024d07bfe63d to 0x0000024d07bfe6c1
Event: 1.449 Thread 0x0000024d72928ab0 Exception <a 'java/lang/NoSuchMethodError'{0x00000000eb098810}: 'long java.lang.invoke.DirectMethodHandle$Holder.invokeStatic(java.lang.Object, java.lang.Object, int)'> (0x00000000eb098810) 
thrown [s\src\hotspot\share\interpreter\linkResolver.cpp, line 773]
Event: 1.450 Thread 0x0000024d72928ab0 Exception <a 'java/lang/NoSuchMethodError'{0x00000000eb0a0470}: 'java.lang.Object java.lang.invoke.DirectMethodHandle$Holder.invokeSpecial(java.lang.Object, java.lang.Object, java.lang.Object, java.lang.Object, long)'> (0x00000000eb0a0470) 
thrown [s\src\hotspot\share\interpreter\linkResolver.cpp, line 773]
Event: 1.451 Thread 0x0000024d72928ab0 Exception <a 'java/lang/NoSuchMethodError'{0x00000000eb0ade68}: 'java.lang.Object java.lang.invoke.DirectMethodHandle$Holder.invokeSpecial(java.lang.Object, java.lang.Object, java.lang.Object, int, java.lang.Object)'> (0x00000000eb0ade68) 
thrown [s\src\hotspot\share\interpreter\linkResolver.cpp, line 773]
Event: 1.456 Thread 0x0000024d72928ab0 Exception <a 'java/lang/NoSuchMethodError'{0x00000000eb0d7490}: 'int java.lang.invoke.DirectMethodHandle$Holder.invokeStaticInit(java.lang.Object, java.lang.Object, java.lang.Object, java.lang.Object)'> (0x00000000eb0d7490) 
thrown [s\src\hotspot\share\interpreter\linkResolver.cpp, line 773]
Event: 1.457 Thread 0x0000024d72928ab0 Exception <a 'java/lang/IncompatibleClassChangeError'{0x00000000eb0df990}: Found class java.lang.Object, but interface was expected> (0x00000000eb0df990) 
thrown [s\src\hotspot\share\interpreter\linkResolver.cpp, line 840]
Event: 1.458 Thread 0x0000024d72928ab0 Exception <a 'java/lang/NoSuchMethodError'{0x00000000eb0e3b30}: 'void java.lang.invoke.DirectMethodHandle$Holder.invokeStaticInit(java.lang.Object, java.lang.Object)'> (0x00000000eb0e3b30) 
thrown [s\src\hotspot\share\interpreter\linkResolver.cpp, line 773]
Event: 1.460 Thread 0x0000024d72928ab0 Exception <a 'java/lang/NoSuchMethodError'{0x00000000eb0eac28}: 'int java.lang.invoke.DirectMethodHandle$Holder.invokeStaticInit(java.lang.Object, java.lang.Object)'> (0x00000000eb0eac28) 
thrown [s\src\hotspot\share\interpreter\linkResolver.cpp, line 773]
Event: 1.573 Thread 0x0000024d72928ab0 Exception <a 'java/lang/NoSuchMethodError'{0x00000000eb24d650}: 'void java.lang.invoke.DirectMethodHandle$Holder.invokeSpecial(java.lang.Object, java.lang.Object, java.lang.Object)'> (0x00000000eb24d650) 
thrown [s\src\hotspot\share\interpreter\linkResolver.cpp, line 773]
Event: 1.821 Thread 0x0000024d72928ab0 Exception <a 'java/lang/NoSuchMethodError'{0x00000000ebc49ea0}: 'int java.lang.invoke.DirectMethodHandle$Holder.invokeVirtual(java.lang.Object, java.lang.Object)'> (0x00000000ebc49ea0) 
thrown [s\src\hotspot\share\interpreter\linkResolver.cpp, line 773]
Event: 1.975 Thread 0x0000024d72928ab0 Exception <a 'java/lang/NoSuchMethodError'{0x00000000ebfbe878}: 'java.lang.Object java.lang.invoke.DirectMethodHandle$Holder.newInvokeSpecial(java.lang.Object, int, java.lang.Object)'> (0x00000000ebfbe878) 
thrown [s\src\hotspot\share\interpreter\linkResolver.cpp, line 773]
Event: 2.002 Thread 0x0000024d72928ab0 Exception <a 'java/lang/NoSuchMethodError'{0x00000000ec13fbc0}: 'java.lang.Object java.lang.invoke.DirectMethodHandle$Holder.newInvokeSpecial(java.lang.Object, java.lang.Object, java.lang.Object, java.lang.Object, int, java.lang.Object)'> (0x00000000ec13fbc0) 
thrown [s\src\hotspot\share\interpreter\linkResolver.cpp, line 773]
Event: 10.841 Thread 0x0000024d72928ab0 Exception <a 'java/lang/UnsatisfiedLinkError'{0x00000000eadb6d78}: 'void org.eclipse.equinox.launcher.JNIBridge._update_splash()'> (0x00000000eadb6d78) 
thrown [s\src\hotspot\share\prims\nativeLookup.cpp, line 415]
Event: 10.988 Thread 0x0000024d7f045ad0 Exception <a 'java/lang/NoSuchMethodError'{0x00000000eb37cb68}: 'java.lang.Object java.lang.invoke.DirectMethodHandle$Holder.newInvokeSpecial(java.lang.Object, java.lang.Object, int, java.lang.Object)'> (0x00000000eb37cb68) 
thrown [s\src\hotspot\share\interpreter\linkResolver.cpp, line 773]
Event: 11.006 Thread 0x0000024d7f045ad0 Exception <a 'java/lang/NoClassDefFoundError'{0x00000000eb41d3a0}: jakarta/servlet/ServletContainerInitializer> (0x00000000eb41d3a0) 
thrown [s\src\hotspot\share\classfile\systemDictionary.cpp, line 301]
Event: 11.068 Thread 0x0000024d7f045ad0 Exception <a 'java/lang/ClassNotFoundException'{0x00000000eb56fb30}: sun/util/logging/resources/spi/loggingProvider> (0x00000000eb56fb30) 
thrown [s\src\hotspot\share\classfile\systemDictionary.cpp, line 312]

ZGC Phase Switch (0 events):
No events

VM Operations (20 events):
Event: 2.054 Executing VM operation: ParallelGCFailedAllocation (Allocation Failure)
Event: 2.062 Executing VM operation: ParallelGCFailedAllocation (Allocation Failure) done
Event: 3.064 Executing VM operation: Cleanup
Event: 3.064 Executing VM operation: Cleanup done
Event: 10.950 Executing VM operation: HandshakeAllThreads (Deoptimize)
Event: 10.950 Executing VM operation: HandshakeAllThreads (Deoptimize) done
Event: 10.950 Executing VM operation: Cleanup
Event: 10.950 Executing VM operation: Cleanup done
Event: 11.055 Executing VM operation: HandshakeAllThreads (Deoptimize)
Event: 11.055 Executing VM operation: HandshakeAllThreads (Deoptimize) done
Event: 11.081 Executing VM operation: HandshakeAllThreads (Deoptimize)
Event: 11.081 Executing VM operation: HandshakeAllThreads (Deoptimize) done
Event: 11.100 Executing VM operation: HandshakeAllThreads (Deoptimize)
Event: 11.100 Executing VM operation: HandshakeAllThreads (Deoptimize) done
Event: 11.114 Executing VM operation: HandshakeAllThreads (Deoptimize)
Event: 11.114 Executing VM operation: HandshakeAllThreads (Deoptimize) done
Event: 12.124 Executing VM operation: Cleanup
Event: 12.124 Executing VM operation: Cleanup done
Event: 15.140 Executing VM operation: Cleanup
Event: 15.140 Executing VM operation: Cleanup done

Memory protections (0 events):
No events

Nmethod flushes (0 events):
No events

Events (20 events):
Event: 0.056 Thread 0x0000024d79416610 Thread added: 0x0000024d794eaa40
Event: 0.056 Thread 0x0000024d79416610 Thread added: 0x0000024d794ef2a0
Event: 0.071 Thread 0x0000024d72928ab0 Thread added: 0x0000024d79577500
Event: 0.093 Thread 0x0000024d79413390 Thread added: 0x0000024d7957c520
Event: 0.151 Thread 0x0000024d794ef2a0 Thread added: 0x0000024d796fa3b0
Event: 0.328 Thread 0x0000024d72928ab0 Thread added: 0x0000024d7f069fe0
Event: 0.509 Thread 0x0000024d7957c520 Thread exited: 0x0000024d7957c520
Event: 0.625 Thread 0x0000024d794eaa40 Thread added: 0x0000024d7f168450
Event: 1.151 Thread 0x0000024d7f168450 Thread exited: 0x0000024d7f168450
Event: 1.165 Thread 0x0000024d796fa3b0 Thread added: 0x0000024d7f356430
Event: 1.949 Thread 0x0000024d72928ab0 Thread added: 0x0000024d50298df0
Event: 3.608 Thread 0x0000024d796fa3b0 Thread exited: 0x0000024d796fa3b0
Event: 3.608 Thread 0x0000024d7f356430 Thread exited: 0x0000024d7f356430
Event: 7.588 Thread 0x0000024d794ef2a0 Thread exited: 0x0000024d794ef2a0
Event: 10.839 Thread 0x0000024d72928ab0 Thread added: 0x0000024d501562e0
Event: 10.880 Thread 0x0000024d501562e0 Thread added: 0x0000024d7f044440
Event: 10.883 Thread 0x0000024d72928ab0 Thread added: 0x0000024d7f045ad0
Event: 11.123 Thread 0x0000024d794eaa40 Thread added: 0x0000024d79529190
Event: 11.700 Thread 0x0000024d794eaa40 Thread exited: 0x0000024d794eaa40
Event: 11.700 Thread 0x0000024d79529190 Thread exited: 0x0000024d79529190


Dynamic libraries:
0x00007ff7dc770000 - 0x00007ff7dc77e000 	c:\Users\vardh\.vscode\extensions\redhat.java-1.42.0-win32-x64\jre\21.0.7-win32-x86_64\bin\java.exe
0x00007fff89c00000 - 0x00007fff89e65000 	C:\WINDOWS\SYSTEM32\ntdll.dll
0x00007fff896d0000 - 0x00007fff89799000 	C:\WINDOWS\System32\KERNEL32.DLL
0x00007fff86f40000 - 0x00007fff87328000 	C:\WINDOWS\System32\KERNELBASE.dll
0x00007fff87560000 - 0x00007fff876ab000 	C:\WINDOWS\System32\ucrtbase.dll
0x00007fff7efd0000 - 0x00007fff7efee000 	c:\Users\vardh\.vscode\extensions\redhat.java-1.42.0-win32-x64\jre\21.0.7-win32-x86_64\bin\VCRUNTIME140.dll
0x00007fff78df0000 - 0x00007fff78e08000 	c:\Users\vardh\.vscode\extensions\redhat.java-1.42.0-win32-x64\jre\21.0.7-win32-x86_64\bin\jli.dll
0x00007fff88000000 - 0x00007fff881ca000 	C:\WINDOWS\System32\USER32.dll
0x00007fff87970000 - 0x00007fff87997000 	C:\WINDOWS\System32\win32u.dll
0x00007fff88840000 - 0x00007fff8886b000 	C:\WINDOWS\System32\GDI32.dll
0x00007fff87830000 - 0x00007fff87967000 	C:\WINDOWS\System32\gdi32full.dll
0x00007fff6d2b0000 - 0x00007fff6d54a000 	C:\WINDOWS\WinSxS\amd64_microsoft.windows.common-controls_6595b64144ccf1df_6.0.26100.4202_none_3e0698d4e335f517\COMCTL32.dll
0x00007fff87330000 - 0x00007fff873d3000 	C:\WINDOWS\System32\msvcp_win.dll
0x00007fff87f50000 - 0x00007fff87ff9000 	C:\WINDOWS\System32\msvcrt.dll
0x00007fff87f10000 - 0x00007fff87f40000 	C:\WINDOWS\System32\IMM32.DLL
0x00007fff7efa0000 - 0x00007fff7efac000 	c:\Users\vardh\.vscode\extensions\redhat.java-1.42.0-win32-x64\jre\21.0.7-win32-x86_64\bin\vcruntime140_1.dll
0x00007fff746c0000 - 0x00007fff7474d000 	c:\Users\vardh\.vscode\extensions\redhat.java-1.42.0-win32-x64\jre\21.0.7-win32-x86_64\bin\msvcp140.dll
0x00007fff2ab90000 - 0x00007fff2b920000 	c:\Users\vardh\.vscode\extensions\redhat.java-1.42.0-win32-x64\jre\21.0.7-win32-x86_64\bin\server\jvm.dll
0x00007fff87e50000 - 0x00007fff87f03000 	C:\WINDOWS\System32\ADVAPI32.dll
0x00007fff89620000 - 0x00007fff896c6000 	C:\WINDOWS\System32\sechost.dll
0x00007fff879a0000 - 0x00007fff87ab5000 	C:\WINDOWS\System32\RPCRT4.dll
0x00007fff89910000 - 0x00007fff89984000 	C:\WINDOWS\System32\WS2_32.dll
0x00007fff86a00000 - 0x00007fff86a5e000 	C:\WINDOWS\SYSTEM32\POWRPROF.dll
0x00007fff79e10000 - 0x00007fff79e45000 	C:\WINDOWS\SYSTEM32\WINMM.dll
0x00007fff793f0000 - 0x00007fff793fb000 	C:\WINDOWS\SYSTEM32\VERSION.dll
0x00007fff869e0000 - 0x00007fff869f4000 	C:\WINDOWS\SYSTEM32\UMPDC.dll
0x00007fff85ad0000 - 0x00007fff85aeb000 	C:\WINDOWS\SYSTEM32\kernel.appcore.dll
0x00007fff7ef70000 - 0x00007fff7ef7a000 	c:\Users\vardh\.vscode\extensions\redhat.java-1.42.0-win32-x64\jre\21.0.7-win32-x86_64\bin\jimage.dll
0x00007fff84480000 - 0x00007fff846c1000 	C:\WINDOWS\SYSTEM32\DBGHELP.DLL
0x00007fff88a20000 - 0x00007fff88da5000 	C:\WINDOWS\System32\combase.dll
0x00007fff88dc0000 - 0x00007fff88ea1000 	C:\WINDOWS\System32\OLEAUT32.dll
0x00007fff674c0000 - 0x00007fff674f9000 	C:\WINDOWS\SYSTEM32\dbgcore.DLL
0x00007fff86e10000 - 0x00007fff86ea9000 	C:\WINDOWS\System32\bcryptPrimitives.dll
0x00007fff7ef20000 - 0x00007fff7ef2f000 	c:\Users\vardh\.vscode\extensions\redhat.java-1.42.0-win32-x64\jre\21.0.7-win32-x86_64\bin\instrument.dll
0x00007fff74af0000 - 0x00007fff74b0f000 	c:\Users\vardh\.vscode\extensions\redhat.java-1.42.0-win32-x64\jre\21.0.7-win32-x86_64\bin\java.dll
0x00007fff88eb0000 - 0x00007fff895f2000 	C:\WINDOWS\System32\SHELL32.dll
0x00007fff876b0000 - 0x00007fff87824000 	C:\WINDOWS\System32\wintypes.dll
0x00007fff84970000 - 0x00007fff851c8000 	C:\WINDOWS\SYSTEM32\windows.storage.dll
0x00007fff87bb0000 - 0x00007fff87ca1000 	C:\WINDOWS\System32\SHCORE.dll
0x00007fff898a0000 - 0x00007fff8990a000 	C:\WINDOWS\System32\shlwapi.dll
0x00007fff86c60000 - 0x00007fff86c8f000 	C:\WINDOWS\SYSTEM32\profapi.dll
0x00007fff748a0000 - 0x00007fff748b8000 	c:\Users\vardh\.vscode\extensions\redhat.java-1.42.0-win32-x64\jre\21.0.7-win32-x86_64\bin\zip.dll
0x00007fff7ee80000 - 0x00007fff7ee90000 	C:\Users\vardh\.vscode\extensions\redhat.java-1.42.0-win32-x64\jre\21.0.7-win32-x86_64\bin\net.dll
0x00007fff7d790000 - 0x00007fff7d8ae000 	C:\WINDOWS\SYSTEM32\WINHTTP.dll
0x00007fff86020000 - 0x00007fff8608a000 	C:\WINDOWS\system32\mswsock.dll
0x00007fff74a60000 - 0x00007fff74a76000 	C:\Users\vardh\.vscode\extensions\redhat.java-1.42.0-win32-x64\jre\21.0.7-win32-x86_64\bin\nio.dll
0x00007fff7cc60000 - 0x00007fff7cc70000 	c:\Users\vardh\.vscode\extensions\redhat.java-1.42.0-win32-x64\jre\21.0.7-win32-x86_64\bin\verify.dll
0x00007fff743f0000 - 0x00007fff74435000 	C:\Users\vardh\AppData\Roaming\Code\User\globalStorage\redhat.java\1.42.0\config_win\org.eclipse.equinox.launcher\org.eclipse.equinox.launcher.win32.win32.x86_64_1.2.1300.v20250331-1702\eclipse_11911.dll
0x00007fff88870000 - 0x00007fff88a0e000 	C:\WINDOWS\System32\ole32.dll

dbghelp: loaded successfully - version: 4.0.5 - missing functions: none
symbol engine: initialized successfully - sym options: 0x614 - pdb path: .;c:\Users\vardh\.vscode\extensions\redhat.java-1.42.0-win32-x64\jre\21.0.7-win32-x86_64\bin;C:\WINDOWS\SYSTEM32;C:\WINDOWS\WinSxS\amd64_microsoft.windows.common-controls_6595b64144ccf1df_6.0.26100.4202_none_3e0698d4e335f517;c:\Users\vardh\.vscode\extensions\redhat.java-1.42.0-win32-x64\jre\21.0.7-win32-x86_64\bin\server;C:\Users\vardh\AppData\Roaming\Code\User\globalStorage\redhat.java\1.42.0\config_win\org.eclipse.equinox.launcher\org.eclipse.equinox.launcher.win32.win32.x86_64_1.2.1300.v20250331-1702

VM Arguments:
jvm_args: --add-modules=ALL-SYSTEM --add-opens=java.base/java.util=ALL-UNNAMED --add-opens=java.base/java.lang=ALL-UNNAMED --add-opens=java.base/sun.nio.fs=ALL-UNNAMED -Declipse.application=org.eclipse.jdt.ls.core.id1 -Dosgi.bundles.defaultStartLevel=4 -Declipse.product=org.eclipse.jdt.ls.core.product -Djava.import.generatesMetadataFilesAtProjectRoot=false -DDetectVMInstallationsJob.disabled=true -Dfile.encoding=utf8 -XX:+UseParallelGC -XX:GCTimeRatio=4 -XX:AdaptiveSizePolicyWeight=90 -Dsun.zip.disableMemoryMapping=true -Xmx1G -Xms100m -Xlog:disable -javaagent:c:\Users\vardh\.vscode\extensions\redhat.java-1.42.0-win32-x64\lombok\lombok-1.18.36.jar -XX:+HeapDumpOnOutOfMemoryError -XX:HeapDumpPath=c:\Users\vardh\AppData\Roaming\Code\User\workspaceStorage\416cb59a14b859c2b46926f96812ddb5\redhat.java -Daether.dependencyCollector.impl=bf 
java_command: c:\Users\vardh\.vscode\extensions\redhat.java-1.42.0-win32-x64\server\plugins\org.eclipse.equinox.launcher_1.7.0.v20250424-1814.jar -configuration c:\Users\vardh\AppData\Roaming\Code\User\globalStorage\redhat.java\1.42.0\config_win -data c:\Users\vardh\AppData\Roaming\Code\User\workspaceStorage\416cb59a14b859c2b46926f96812ddb5\redhat.java\jdt_ws --pipe=\\.\pipe\lsp-8500b9fd2cb63e525ada769a959b577c-sock
java_class_path (initial): c:\Users\vardh\.vscode\extensions\redhat.java-1.42.0-win32-x64\server\plugins\org.eclipse.equinox.launcher_1.7.0.v20250424-1814.jar
Launcher Type: SUN_STANDARD

[Global flags]
    uintx AdaptiveSizePolicyWeight                 = 90                                        {product} {command line}
     intx CICompilerCount                          = 12                                        {product} {ergonomic}
    uintx GCTimeRatio                              = 4                                         {product} {command line}
     bool HeapDumpOnOutOfMemoryError               = true                                   {manageable} {command line}
    ccstr HeapDumpPath                             = c:\Users\vardh\AppData\Roaming\Code\User\workspaceStorage\416cb59a14b859c2b46926f96812ddb5\redhat.java         {manageable} {command line}
   size_t InitialHeapSize                          = 104857600                                 {product} {command line}
   size_t MaxHeapSize                              = 1073741824                                {product} {command line}
   size_t MaxNewSize                               = 357564416                                 {product} {ergonomic}
   size_t MinHeapDeltaBytes                        = 524288                                    {product} {ergonomic}
   size_t MinHeapSize                              = 104857600                                 {product} {command line}
   size_t NewSize                                  = 34603008                                  {product} {ergonomic}
    uintx NonNMethodCodeHeapSize                   = 7602480                                {pd product} {ergonomic}
    uintx NonProfiledCodeHeapSize                  = 122027880                              {pd product} {ergonomic}
   size_t OldSize                                  = 70254592                                  {product} {ergonomic}
    uintx ProfiledCodeHeapSize                     = 122027880                              {pd product} {ergonomic}
    uintx ReservedCodeCacheSize                    = 251658240                              {pd product} {ergonomic}
     bool SegmentedCodeCache                       = true                                      {product} {ergonomic}
   size_t SoftMaxHeapSize                          = 1073741824                             {manageable} {ergonomic}
     bool UseCompressedOops                        = true                           {product lp64_product} {ergonomic}
     bool UseLargePagesIndividualAllocation        = false                                  {pd product} {ergonomic}
     bool UseParallelGC                            = true                                      {product} {command line}

Logging:
Log output configuration:
 #0: stdout all=off uptime,level,tags foldmultilines=false
 #1: stderr all=off uptime,level,tags foldmultilines=false

Environment Variables:
PATH=C:\Program Files\Common Files\Oracle\Java\javapath;C:\WINDOWS\system32;C:\WINDOWS;C:\WINDOWS\System32\Wbem;C:\WINDOWS\System32\WindowsPowerShell\v1.0\;C:\WINDOWS\System32\OpenSSH\;C:\Program Files\Git\cmd;C:\Program Files\Cloudflare\Cloudflare WARP\;C:\Program Files\Docker\Docker\resources\bin;C:\Program Files\MySQL\MySQL Shell 8.0\bin\;C:\Users\vardh\AppData\Local\Programs\Python\Python310\Scripts\;C:\Users\vardh\AppData\Local\Programs\Python\Python310\;C:\Users\vardh\AppData\Local\Microsoft\WindowsApps;C:\Users\vardh\AppData\Local\Programs\Microsoft VS Code\bin
USERNAME=vardh
OS=Windows_NT
PROCESSOR_IDENTIFIER=Intel64 Family 6 Model 154 Stepping 3, GenuineIntel
TMP=C:\Users\vardh\AppData\Local\Temp
TEMP=C:\Users\vardh\AppData\Local\Temp




Periodic native trim disabled

---------------  S Y S T E M  ---------------

OS:
 Windows 11 , 64 bit Build 26100 (10.0.26100.4202)
OS uptime: 0 days 13:52 hours
Hyper-V role detected

CPU: total 16 (initial active 16) (8 cores per cpu, 2 threads per core) family 6 model 154 stepping 3 microcode 0x41b, cx8, cmov, fxsr, ht, mmx, 3dnowpref, sse, sse2, sse3, ssse3, sse4.1, sse4.2, popcnt, lzcnt, tsc, tscinvbit, avx, avx2, aes, erms, clmul, bmi1, bmi2, adx, sha, fma, vzeroupper, clflush, clflushopt, clwb, hv, serialize, rdtscp, rdpid, fsrm, f16c, cet_ibt, cet_ss
Processor Information for processor 0
  Max Mhz: 2500, Current Mhz: 2500, Mhz Limit: 2500
Processor Information for processor 1
  Max Mhz: 2500, Current Mhz: 2500, Mhz Limit: 2500
Processor Information for processor 2
  Max Mhz: 2500, Current Mhz: 2500, Mhz Limit: 2500
Processor Information for processor 3
  Max Mhz: 2500, Current Mhz: 2500, Mhz Limit: 2500
Processor Information for processor 4
  Max Mhz: 2500, Current Mhz: 2500, Mhz Limit: 2500
Processor Information for processor 5
  Max Mhz: 2500, Current Mhz: 2500, Mhz Limit: 2500
Processor Information for processor 6
  Max Mhz: 2500, Current Mhz: 2500, Mhz Limit: 2500
Processor Information for processor 7
  Max Mhz: 2500, Current Mhz: 2500, Mhz Limit: 2500
Processor Information for processor 8
  Max Mhz: 2500, Current Mhz: 1800, Mhz Limit: 1800
Processor Information for processor 9
  Max Mhz: 2500, Current Mhz: 1500, Mhz Limit: 1800
Processor Information for processor 10
  Max Mhz: 2500, Current Mhz: 1500, Mhz Limit: 1800
Processor Information for processor 11
  Max Mhz: 2500, Current Mhz: 1800, Mhz Limit: 1800
Processor Information for processor 12
  Max Mhz: 2500, Current Mhz: 1500, Mhz Limit: 1800
Processor Information for processor 13
  Max Mhz: 2500, Current Mhz: 1800, Mhz Limit: 1800
Processor Information for processor 14
  Max Mhz: 2500, Current Mhz: 1500, Mhz Limit: 1800
Processor Information for processor 15
  Max Mhz: 2500, Current Mhz: 1800, Mhz Limit: 1800

Memory: 4k page, system-wide physical 16003M (1244M free)
TotalPageFile size 65155M (AvailPageFile size 301M)
current process WorkingSet (physical memory assigned to process): 98M, peak: 99M
current process commit charge ("private bytes"): 225M, peak: 226M

vm_info: OpenJDK 64-Bit Server VM (21.0.7+6-LTS) for windows-amd64 JRE (21.0.7+6-LTS), built on 2025-04-15T00:00:00Z by "admin" with MS VC++ 17.7 (VS2022)

END.
